11:46:14.132 [main] INFO  c.example.aop.UserNotesApplication - Starting UserNotesApplication on ITPC009552 with PID 20372 (C:\dev\nexi\prj-aop-v7-ApiGitHub-AsynchronousHttpRequest\target\classes started by a84s in C:\dev\nexi\prj-aop-v7-ApiGitHub-AsynchronousHttpRequest) 
11:46:14.141 [main] DEBUG c.example.aop.UserNotesApplication - Running with Spring Boot v2.0.0.RELEASE, Spring v5.0.4.RELEASE 
11:46:14.143 [main] INFO  c.example.aop.UserNotesApplication - No active profile set, falling back to default profiles: default 
11:46:17.927 [main] INFO  c.example.aop.UserNotesApplication - Started UserNotesApplication in 4.15 seconds (JVM running for 5.755) 
11:52:56.897 [main] INFO  c.example.aop.UserNotesApplication - Starting UserNotesApplication on ITPC009552 with PID 23716 (C:\dev\nexi\prj-aop-v7-ApiGitHub-AsynchronousHttpRequest\target\classes started by a84s in C:\dev\nexi\prj-aop-v7-ApiGitHub-AsynchronousHttpRequest) 
11:52:56.900 [main] DEBUG c.example.aop.UserNotesApplication - Running with Spring Boot v2.0.0.RELEASE, Spring v5.0.4.RELEASE 
11:52:56.901 [main] INFO  c.example.aop.UserNotesApplication - No active profile set, falling back to default profiles: default 
11:53:00.414 [main] INFO  c.example.aop.UserNotesApplication - Started UserNotesApplication in 3.837 seconds (JVM running for 5.03) 
12:17:14.439 [main] INFO  c.example.aop.UserNotesApplication - Starting UserNotesApplication on ITPC009552 with PID 3080 (C:\dev\nexi\prj-aop-v7.1-ApiGitHub-AsynchronousHttpRequest\target\classes started by a84s in C:\dev\nexi\prj-aop-v7.1-ApiGitHub-AsynchronousHttpRequest) 
12:17:14.440 [main] DEBUG c.example.aop.UserNotesApplication - Running with Spring Boot v2.0.0.RELEASE, Spring v5.0.4.RELEASE 
12:17:14.441 [main] INFO  c.example.aop.UserNotesApplication - No active profile set, falling back to default profiles: default 
12:19:06.092 [main] INFO  c.example.aop.UserNotesApplication - Starting UserNotesApplication on ITPC009552 with PID 8716 (C:\dev\nexi\prj-aop-v7.1-ApiGitHub-AsynchronousHttpRequest\target\classes started by a84s in C:\dev\nexi\prj-aop-v7.1-ApiGitHub-AsynchronousHttpRequest) 
12:19:06.094 [main] DEBUG c.example.aop.UserNotesApplication - Running with Spring Boot v2.0.0.RELEASE, Spring v5.0.4.RELEASE 
12:19:06.095 [main] INFO  c.example.aop.UserNotesApplication - No active profile set, falling back to default profiles: default 
12:19:09.828 [main] INFO  c.example.aop.UserNotesApplication - Started UserNotesApplication in 4.021 seconds (JVM running for 5.186) 
12:36:31.743 [main] INFO  c.example.aop.UserNotesApplication - Starting UserNotesApplication on ITPC009552 with PID 21264 (C:\dev\nexi\prj-aop-v7.2-ApiGitHub-AsynchronousHttpRequest-getForEntity\target\classes started by a84s in C:\dev\nexi\prj-aop-v7.2-ApiGitHub-AsynchronousHttpRequest-getForEntity) 
12:36:31.744 [main] DEBUG c.example.aop.UserNotesApplication - Running with Spring Boot v2.0.0.RELEASE, Spring v5.0.4.RELEASE 
12:36:31.745 [main] INFO  c.example.aop.UserNotesApplication - No active profile set, falling back to default profiles: default 
12:36:35.784 [main] INFO  c.example.aop.UserNotesApplication - Started UserNotesApplication in 4.348 seconds (JVM running for 5.593) 
12:56:25.730 [main] INFO  c.example.aop.UserNotesApplication - Starting UserNotesApplication on ITPC009552 with PID 23640 (C:\dev\nexi\prj-aop-v7.2.1-ApiGitHub-AsynchronousHttpRequest-getForEntity\target\classes started by a84s in C:\dev\nexi\prj-aop-v7.2.1-ApiGitHub-AsynchronousHttpRequest-getForEntity) 
12:56:25.731 [main] DEBUG c.example.aop.UserNotesApplication - Running with Spring Boot v2.0.0.RELEASE, Spring v5.0.4.RELEASE 
12:56:25.733 [main] INFO  c.example.aop.UserNotesApplication - No active profile set, falling back to default profiles: default 
12:57:35.335 [main] INFO  c.example.aop.UserNotesApplication - Starting UserNotesApplication on ITPC009552 with PID 20260 (C:\dev\nexi\prj-aop-v7.2.1-ApiGitHub-AsynchronousHttpRequest-getForEntity\target\classes started by a84s in C:\dev\nexi\prj-aop-v7.2.1-ApiGitHub-AsynchronousHttpRequest-getForEntity) 
12:57:35.336 [main] DEBUG c.example.aop.UserNotesApplication - Running with Spring Boot v2.0.0.RELEASE, Spring v5.0.4.RELEASE 
12:57:35.338 [main] INFO  c.example.aop.UserNotesApplication - No active profile set, falling back to default profiles: default 
12:57:39.247 [main] INFO  c.example.aop.UserNotesApplication - Started UserNotesApplication in 4.223 seconds (JVM running for 5.436) 
14:52:42.538 [main] INFO  c.example.aop.UserNotesApplication - Starting UserNotesApplication on ITPC009552 with PID 23580 (C:\dev\nexi\prj-aop-v7.3-ApiGitHub-AsynchronousHttpRequest-HandlingErrors\target\classes started by a84s in C:\dev\nexi\prj-aop-v7.3-ApiGitHub-AsynchronousHttpRequest-HandlingErrors) 
14:52:42.540 [main] DEBUG c.example.aop.UserNotesApplication - Running with Spring Boot v2.0.0.RELEASE, Spring v5.0.4.RELEASE 
14:52:42.542 [main] INFO  c.example.aop.UserNotesApplication - No active profile set, falling back to default profiles: default 
14:52:46.512 [main] INFO  c.example.aop.UserNotesApplication - Started UserNotesApplication in 4.284 seconds (JVM running for 5.558) 
14:54:03.534 [http-nio-8787-exec-3] ERROR c.e.a.e.GlobalExceptionHandler - Handling HttpClientErrorException due to 404 Not Found 
17:14:33.824 [main] INFO  c.example.aop.UserNotesApplication - Starting UserNotesApplication on ITPC009552 with PID 22784 (C:\dev\nexi\prj-aop-v74.-ApiGitHub-AsynchronousHttpRequest-ParallelThreads\target\classes started by a84s in C:\dev\nexi\prj-aop-v74.-ApiGitHub-AsynchronousHttpRequest-ParallelThreads) 
17:14:33.825 [main] DEBUG c.example.aop.UserNotesApplication - Running with Spring Boot v2.0.0.RELEASE, Spring v5.0.4.RELEASE 
17:14:33.826 [main] INFO  c.example.aop.UserNotesApplication - No active profile set, falling back to default profiles: default 
17:14:37.745 [main] INFO  c.example.aop.UserNotesApplication - Started UserNotesApplication in 4.212 seconds (JVM running for 5.379) 
22:20:06.384 [main] INFO  c.example.aop.UserNotesApplication - Starting UserNotesApplication on ITPC009552 with PID 24656 (C:\dev\nexi\prj-aop-v74.-ApiGitHub-AsynchronousHttpRequest-ParallelThreads\target\classes started by a84s in C:\dev\nexi\prj-aop-v74.-ApiGitHub-AsynchronousHttpRequest-ParallelThreads) 
22:20:06.386 [main] DEBUG c.example.aop.UserNotesApplication - Running with Spring Boot v2.0.0.RELEASE, Spring v5.0.4.RELEASE 
22:20:06.387 [main] INFO  c.example.aop.UserNotesApplication - No active profile set, falling back to default profiles: default 
22:22:58.624 [main] INFO  c.example.aop.UserNotesApplication - Starting UserNotesApplication on ITPC009552 with PID 26064 (C:\dev\nexi\prj-aop-v74.-ApiGitHub-AsynchronousHttpRequest-ParallelThreads\target\classes started by a84s in C:\dev\nexi\prj-aop-v74.-ApiGitHub-AsynchronousHttpRequest-ParallelThreads) 
22:22:58.625 [main] DEBUG c.example.aop.UserNotesApplication - Running with Spring Boot v2.0.0.RELEASE, Spring v5.0.4.RELEASE 
22:22:58.626 [main] INFO  c.example.aop.UserNotesApplication - No active profile set, falling back to default profiles: default 
22:23:02.548 [main] INFO  c.example.aop.UserNotesApplication - Started UserNotesApplication in 4.217 seconds (JVM running for 5.38) 
22:23:17.543 [http-nio-8787-exec-2] INFO  c.example.aop.aspect.LoggingAdvice -  - method invoked: class com.example.aop.controller.ApiGitHubController : getUser( ) - Input Arguments : ["jason2802"] 
22:27:52.161 [main] INFO  c.example.aop.UserNotesApplication - Starting UserNotesApplication on ITPC009552 with PID 7208 (C:\dev\nexi\prj-aop-v74.-ApiGitHub-AsynchronousHttpRequest-ParallelThreads\target\classes started by a84s in C:\dev\nexi\prj-aop-v74.-ApiGitHub-AsynchronousHttpRequest-ParallelThreads) 
22:27:52.162 [main] DEBUG c.example.aop.UserNotesApplication - Running with Spring Boot v2.0.0.RELEASE, Spring v5.0.4.RELEASE 
22:27:52.163 [main] INFO  c.example.aop.UserNotesApplication - No active profile set, falling back to default profiles: default 
22:27:56.179 [main] INFO  c.example.aop.UserNotesApplication - Started UserNotesApplication in 4.323 seconds (JVM running for 5.49) 
22:32:25.412 [http-nio-8787-exec-2] INFO  c.example.aop.aspect.LoggingAdvice -  - method invoked: class com.example.aop.controller.ApiGitHubController : getUser( ) - Input Arguments : ["jason2802"] 
22:32:28.691 [http-nio-8787-exec-2] INFO  c.example.aop.aspect.LoggingAdvice -  - method executed: class com.example.aop.controller.ApiGitHubController : getUser( ) - Response : ["jason2802"] 
22:32:49.709 [http-nio-8787-exec-3] INFO  c.example.aop.aspect.LoggingAdvice -  - method invoked: class com.example.aop.controller.ApiGitHubController : getUser( ) - Input Arguments : ["enginyoyen"] 
22:32:52.627 [http-nio-8787-exec-3] INFO  c.example.aop.aspect.LoggingAdvice -  - method executed: class com.example.aop.controller.ApiGitHubController : getUser( ) - Response : ["enginyoyen"] 
23:42:11.534 [main] INFO  c.example.aop.UserNotesApplication - Starting UserNotesApplication on ITPC009552 with PID 20172 (C:\dev\nexi\prj-aop-v74.-ApiGitHub-AsynchronousHttpRequest-ParallelThreads\target\classes started by a84s in C:\dev\nexi\prj-aop-v74.-ApiGitHub-AsynchronousHttpRequest-ParallelThreads) 
23:42:11.536 [main] DEBUG c.example.aop.UserNotesApplication - Running with Spring Boot v2.0.0.RELEASE, Spring v5.0.4.RELEASE 
23:42:11.537 [main] INFO  c.example.aop.UserNotesApplication - No active profile set, falling back to default profiles: default 
23:42:15.443 [main] INFO  c.example.aop.UserNotesApplication - Started UserNotesApplication in 4.197 seconds (JVM running for 5.368) 
23:42:28.557 [http-nio-8787-exec-2] INFO  c.example.aop.aspect.LoggingAdvice -  - method invoked: class com.example.aop.controller.ApiGitHubController : getUser( ) - Input Arguments : ["jason2802"] 
23:42:31.747 [http-nio-8787-exec-2] INFO  c.example.aop.aspect.LoggingAdvice -  - method executed: class com.example.aop.controller.ApiGitHubController : getUser( ) - Response : ["jason2802"] 
23:44:20.010 [main] INFO  c.example.aop.UserNotesApplication - Starting UserNotesApplication on ITPC009552 with PID 23608 (C:\dev\nexi\prj-aop-v74.-ApiGitHub-AsynchronousHttpRequest-ParallelThreads\target\classes started by a84s in C:\dev\nexi\prj-aop-v74.-ApiGitHub-AsynchronousHttpRequest-ParallelThreads) 
23:44:20.011 [main] DEBUG c.example.aop.UserNotesApplication - Running with Spring Boot v2.0.0.RELEASE, Spring v5.0.4.RELEASE 
23:44:20.013 [main] INFO  c.example.aop.UserNotesApplication - No active profile set, falling back to default profiles: default 
23:44:23.942 [main] INFO  c.example.aop.UserNotesApplication - Started UserNotesApplication in 4.223 seconds (JVM running for 5.447) 
23:44:52.919 [http-nio-8787-exec-3] INFO  c.example.aop.aspect.LoggingAdvice -  - method invoked: class com.example.aop.controller.ApiGitHubController : getUser( ) - Input Arguments : ["jason2802"] 
23:44:56.502 [http-nio-8787-exec-3] INFO  c.example.aop.aspect.LoggingAdvice -  - method executed: class com.example.aop.controller.ApiGitHubController : getUser( ) - Response : ["jason2802"] 
